{
  "RSpec": {
    "coverage": {
      "/Users/phillipmstewart/turing/2205/1-mod/projects/black_thursday/spec/item_repository_spec.rb": {
        "lines": [
          1,
          1,
          1,
          1,
          1,
          null,
          1,
          1,
          12,
          null,
          null,
          1,
          1,
          1,
          1,
          null,
          null,
          1,
          1,
          1,
          1,
          1,
          null,
          null,
          1,
          1,
          1,
          1,
          1,
          null,
          null,
          1,
          1,
          1,
          1,
          null,
          null,
          1,
          1,
          null,
          null,
          1,
          1,
          1,
          null,
          null,
          1,
          1,
          1,
          1,
          1,
          null,
          null,
          1,
          1,
          1,
          1,
          null,
          null,
          1,
          null,
          1,
          null,
          null,
          1,
          1,
          1,
          1,
          null,
          null,
          1,
          null,
          1,
          null,
          null,
          null,
          null,
          null,
          1,
          1,
          1,
          1,
          1,
          null,
          null,
          1,
          null,
          1,
          null,
          null,
          1,
          1,
          1,
          1,
          1,
          1,
          null,
          null,
          1,
          1,
          1,
          1,
          null,
          null,
          null
        ]
      },
      "/Users/phillipmstewart/turing/2205/1-mod/projects/black_thursday/lib/merchant.rb": {
        "lines": [
          1,
          null,
          1,
          1,
          29455,
          29455,
          null,
          null,
          1,
          2,
          3,
          null,
          null,
          null
        ]
      },
      "/Users/phillipmstewart/turing/2205/1-mod/projects/black_thursday/lib/merchant_repository.rb": {
        "lines": [
          1,
          1,
          1,
          null,
          1,
          1,
          62,
          62,
          null,
          62,
          29450,
          null,
          null,
          null,
          1,
          3010,
          null,
          null,
          1,
          44,
          null,
          null,
          1,
          2856,
          null,
          null,
          1,
          952,
          2,
          2,
          2,
          2,
          2,
          null,
          null,
          1,
          1,
          1,
          null,
          null,
          1,
          1,
          476,
          null,
          null,
          null
        ]
      },
      "/Users/phillipmstewart/turing/2205/1-mod/projects/black_thursday/lib/item.rb": {
        "lines": [
          1,
          null,
          1,
          1,
          74315,
          74315,
          74315,
          74315,
          74315,
          74315,
          74315,
          null,
          null,
          1,
          1,
          null,
          null,
          1,
          2,
          8,
          8,
          8,
          8,
          null,
          null,
          null,
          null
        ]
      },
      "/Users/phillipmstewart/turing/2205/1-mod/projects/black_thursday/lib/item_repository.rb": {
        "lines": [
          1,
          1,
          1,
          null,
          1,
          1,
          66,
          66,
          null,
          66,
          74310,
          null,
          null,
          null,
          1,
          275,
          null,
          null,
          1,
          119,
          null,
          null,
          1,
          42,
          null,
          null,
          1,
          84,
          null,
          null,
          1,
          2,
          82,
          null,
          null,
          null,
          1,
          1949526,
          null,
          null,
          1,
          84,
          2,
          2,
          2,
          2,
          2,
          null,
          null,
          1,
          1,
          1,
          null,
          null,
          1,
          1,
          42,
          null,
          null,
          null,
          1,
          3265542,
          null,
          null
        ]
      },
      "/Users/phillipmstewart/turing/2205/1-mod/projects/black_thursday/spec/item_spec.rb": {
        "lines": [
          1,
          1,
          1,
          null,
          1,
          1,
          1,
          null,
          null,
          null,
          null,
          null,
          null,
          null,
          null,
          1,
          null,
          null,
          1,
          1,
          null,
          null,
          null,
          null,
          null,
          null,
          null,
          null,
          1,
          null,
          null,
          1,
          1,
          null,
          null,
          null,
          null,
          null,
          null,
          null,
          null,
          1,
          1,
          1,
          1,
          1,
          1,
          null,
          null,
          null
        ]
      },
      "/Users/phillipmstewart/turing/2205/1-mod/projects/black_thursday/spec/merchant_repository_spec.rb": {
        "lines": [
          1,
          1,
          null,
          1,
          1,
          8,
          null,
          null,
          1,
          1,
          1,
          1,
          null,
          null,
          1,
          1,
          1,
          1,
          null,
          null,
          1,
          1,
          1,
          1,
          1,
          null,
          null,
          1,
          1,
          1,
          null,
          null,
          1,
          1,
          1,
          1,
          1,
          1,
          1,
          null,
          null,
          1,
          null,
          1,
          null,
          null,
          1,
          1,
          1,
          1,
          null,
          null,
          1,
          null,
          1,
          null,
          null,
          null,
          1,
          1,
          1,
          null,
          null,
          1,
          null,
          1,
          null,
          null,
          1,
          1,
          1,
          1,
          1,
          1,
          null,
          null
        ]
      },
      "/Users/phillipmstewart/turing/2205/1-mod/projects/black_thursday/spec/invoice_repository_spec.rb": {
        "lines": [
          1,
          1,
          null,
          1,
          1,
          9,
          null,
          null,
          1,
          1,
          1,
          1,
          null,
          null,
          1,
          1,
          1,
          1,
          null,
          null,
          1,
          1,
          1,
          1,
          null,
          null,
          1,
          1,
          1,
          null,
          null,
          1,
          1,
          1,
          null,
          null,
          1,
          1,
          1,
          null,
          null,
          1,
          null,
          1,
          null,
          null,
          null,
          null,
          1,
          1,
          1,
          1,
          1,
          null,
          null,
          1,
          null,
          null,
          1,
          null,
          null,
          null,
          1,
          1,
          1,
          null,
          null,
          1,
          null,
          1,
          null,
          null,
          null,
          null,
          null,
          1,
          1,
          1,
          1,
          1,
          1,
          null,
          null
        ]
      },
      "/Users/phillipmstewart/turing/2205/1-mod/projects/black_thursday/lib/invoice.rb": {
        "lines": [
          1,
          1,
          1,
          314057,
          314057,
          314057,
          314057,
          314057,
          314057,
          null,
          null,
          1,
          1,
          2,
          2,
          null,
          null,
          null,
          null
        ]
      },
      "/Users/phillipmstewart/turing/2205/1-mod/projects/black_thursday/lib/invoice_repository.rb": {
        "lines": [
          1,
          1,
          null,
          1,
          1,
          1,
          63,
          63,
          null,
          63,
          314055,
          null,
          null,
          null,
          1,
          25785,
          null,
          null,
          1,
          9972,
          null,
          null,
          1,
          9972,
          null,
          null,
          1,
          9972,
          null,
          null,
          1,
          2,
          2,
          2,
          2,
          2,
          2,
          null,
          null,
          1,
          1,
          1,
          null,
          null,
          1,
          1,
          4986,
          null,
          null,
          null,
          null
        ]
      },
      "/Users/phillipmstewart/turing/2205/1-mod/projects/black_thursday/spec/merchant_spec.rb": {
        "lines": [
          1,
          1,
          null,
          1,
          1,
          3,
          null,
          null,
          1,
          1,
          null,
          null,
          1,
          1,
          1,
          null,
          null,
          1,
          1,
          1,
          1,
          1,
          null,
          null
        ]
      },
      "/Users/phillipmstewart/turing/2205/1-mod/projects/black_thursday/lib/sales_engine.rb": {
        "lines": [
          1,
          1,
          1,
          1,
          null,
          1,
          1,
          null,
          null,
          null,
          1,
          27,
          27,
          27,
          27,
          null,
          null,
          1,
          27,
          null,
          null
        ]
      },
      "/Users/phillipmstewart/turing/2205/1-mod/projects/black_thursday/lib/sales_analyst.rb": {
        "lines": [
          1,
          1,
          1,
          1,
          1,
          1,
          1,
          null,
          1,
          1,
          null,
          1,
          1,
          27,
          27,
          27,
          null,
          null,
          1,
          1426,
          1426,
          1426,
          null,
          null,
          1,
          3,
          1425,
          1425,
          null,
          null,
          null,
          1,
          952,
          952,
          1301384,
          2754,
          null,
          null,
          952,
          null,
          null,
          1,
          953,
          953,
          953,
          452675,
          1302751,
          2764,
          null,
          null,
          null,
          953,
          null,
          null,
          1,
          952,
          952,
          952,
          952,
          null,
          null,
          null,
          1,
          4103,
          4103,
          null,
          null,
          1,
          1,
          1,
          1,
          null,
          null,
          null,
          1,
          4102,
          4102,
          4102,
          null,
          null,
          1,
          4104,
          null,
          null
        ]
      },
      "/Users/phillipmstewart/turing/2205/1-mod/projects/black_thursday/lib/mathable.rb": {
        "lines": [
          1,
          null,
          1,
          2860,
          2860,
          2860,
          null,
          null,
          null,
          1,
          1434,
          682584,
          null,
          null,
          1,
          1432,
          681632,
          null,
          null,
          1,
          680204,
          null,
          null,
          1,
          1428,
          1428,
          1428,
          null,
          null,
          1,
          1427,
          1427,
          null,
          null,
          null,
          null,
          1,
          2,
          2,
          950,
          null,
          2,
          null,
          null,
          1,
          11229912,
          11229912,
          8209,
          null,
          null,
          1,
          5617008,
          4106,
          5617008,
          null,
          null,
          1,
          5615640,
          null,
          null,
          1,
          4104,
          4104,
          null,
          null,
          1,
          1,
          1,
          1,
          null,
          null,
          null
        ]
      },
      "/Users/phillipmstewart/turing/2205/1-mod/projects/black_thursday/spec/sales_engine_spec.rb": {
        "lines": [
          1,
          1,
          1,
          1,
          1,
          null,
          1,
          1,
          6,
          null,
          null,
          null,
          null,
          6,
          6,
          6,
          6,
          null,
          null,
          1,
          1,
          null,
          null,
          1,
          1,
          null,
          null,
          1,
          1,
          null,
          null,
          1,
          1,
          null,
          1,
          null,
          null,
          1,
          1,
          1,
          null,
          null,
          1,
          1,
          null,
          null
        ]
      },
      "/Users/phillipmstewart/turing/2205/1-mod/projects/black_thursday/spec/sales_analyst_spec.rb": {
        "lines": [
          1,
          1,
          null,
          1,
          1,
          21,
          null,
          null,
          null,
          null,
          21,
          null,
          null,
          1,
          1,
          null,
          null,
          1,
          1,
          null,
          null,
          1,
          1,
          1,
          null,
          null,
          1,
          1,
          1,
          1,
          null,
          null,
          1,
          1,
          null,
          null,
          1,
          1,
          null,
          null,
          1,
          1,
          null,
          null,
          1,
          1,
          null,
          null,
          1,
          1,
          1,
          1,
          null,
          null,
          1,
          1,
          null,
          null,
          1,
          1,
          1,
          null,
          null,
          1,
          1,
          null,
          null,
          1,
          1,
          null,
          null,
          1,
          1,
          null,
          null,
          1,
          1,
          null,
          null,
          1,
          1,
          null,
          null,
          1,
          1,
          null,
          null,
          1,
          1,
          null,
          null,
          1,
          1,
          null,
          null,
          1,
          1,
          1,
          1,
          null,
          null,
          1,
          1,
          null,
          null
        ]
      }
    },
    "timestamp": 1654558418
  }
}
