{
  "RSpec": {
    "coverage": {
      "/Users/michaelkoulouvaris/turing/1module/projects/black_thursday/spec/item_collection_spec.rb": {
        "lines": [
          1,
          1,
          1,
          1,
          1,
          null,
          1,
          1,
          11,
          null,
          null,
          1,
          1,
          1,
          1,
          null,
          null,
          1,
          1,
          1,
          1,
          1,
          null,
          null,
          1,
          1,
          1,
          1,
          1,
          null,
          null,
          1,
          1,
          1,
          1,
          null,
          null,
          1,
          1,
          null,
          null,
          1,
          1,
          1,
          null,
          null,
          1,
          1,
          1,
          1,
          1,
          null,
          null,
          1,
          1,
          1,
          1,
          null,
          null,
          1,
          null,
          1,
          null,
          null,
          1,
          1,
          1,
          1,
          null,
          null,
          1,
          null,
          1,
          null,
          null,
          null,
          null,
          null,
          1,
          1,
          1,
          1,
          1,
          null,
          null,
          1,
          null,
          1,
          null,
          null,
          1,
          1,
          1,
          1,
          1,
          1,
          null,
          null,
          null
        ]
      },
      "/Users/michaelkoulouvaris/turing/1module/projects/black_thursday/lib/merchant.rb": {
        "lines": [
          1,
          null,
          1,
          1,
          5705,
          5705,
          null,
          null,
          1,
          2,
          3,
          null,
          null,
          null
        ]
      },
      "/Users/michaelkoulouvaris/turing/1module/projects/black_thursday/lib/merchant_collection.rb": {
        "lines": [
          1,
          1,
          1,
          null,
          1,
          1,
          12,
          12,
          null,
          12,
          5700,
          null,
          null,
          null,
          1,
          3010,
          null,
          null,
          1,
          44,
          null,
          null,
          1,
          2856,
          null,
          null,
          1,
          952,
          2,
          2,
          2,
          2,
          2,
          null,
          null,
          1,
          1,
          1,
          null,
          null,
          1,
          1,
          476,
          null,
          null,
          null,
          null
        ]
      },
      "/Users/michaelkoulouvaris/turing/1module/projects/black_thursday/lib/item.rb": {
        "lines": [
          1,
          null,
          1,
          1,
          5924,
          5924,
          5924,
          5924,
          5924,
          5924,
          5924,
          null,
          null,
          1,
          1,
          null,
          null,
          1,
          2,
          7,
          7,
          7,
          null,
          null,
          null,
          null
        ]
      },
      "/Users/michaelkoulouvaris/turing/1module/projects/black_thursday/lib/item_collection.rb": {
        "lines": [
          1,
          1,
          1,
          null,
          1,
          1,
          15,
          15,
          null,
          15,
          5919,
          null,
          null,
          null,
          1,
          275,
          null,
          null,
          1,
          119,
          null,
          null,
          1,
          1,
          1,
          41,
          1,
          null,
          null,
          1,
          null,
          null,
          1,
          84,
          null,
          null,
          1,
          2,
          82,
          null,
          null,
          null,
          1,
          126,
          null,
          null,
          1,
          84,
          2,
          2,
          2,
          2,
          2,
          null,
          null,
          1,
          1,
          1,
          null,
          null,
          1,
          1,
          42,
          null,
          null,
          null,
          null,
          null
        ]
      },
      "/Users/michaelkoulouvaris/turing/1module/projects/black_thursday/spec/item_spec.rb": {
        "lines": [
          1,
          1,
          1,
          null,
          1,
          1,
          1,
          null,
          null,
          null,
          null,
          null,
          null,
          null,
          null,
          1,
          null,
          null,
          1,
          1,
          null,
          null,
          null,
          null,
          null,
          null,
          null,
          null,
          1,
          null,
          null,
          1,
          1,
          null,
          null,
          null,
          null,
          null,
          null,
          null,
          null,
          1,
          1,
          1,
          1,
          1,
          1,
          null,
          null,
          null
        ]
      },
      "/Users/michaelkoulouvaris/turing/1module/projects/black_thursday/spec/merchant_collection_spec.rb": {
        "lines": [
          1,
          1,
          null,
          1,
          1,
          8,
          null,
          null,
          1,
          1,
          1,
          1,
          null,
          null,
          1,
          1,
          1,
          1,
          null,
          null,
          1,
          1,
          1,
          1,
          1,
          null,
          null,
          1,
          1,
          1,
          null,
          null,
          1,
          1,
          1,
          1,
          1,
          1,
          1,
          null,
          null,
          1,
          null,
          1,
          null,
          null,
          1,
          1,
          1,
          1,
          null,
          null,
          1,
          null,
          1,
          null,
          null,
          null,
          1,
          1,
          1,
          null,
          null,
          1,
          null,
          1,
          null,
          null,
          1,
          1,
          1,
          1,
          1,
          1,
          null,
          null
        ]
      },
      "/Users/michaelkoulouvaris/turing/1module/projects/black_thursday/spec/merchant_spec.rb": {
        "lines": [
          1,
          1,
          null,
          1,
          1,
          3,
          null,
          null,
          1,
          1,
          null,
          null,
          1,
          1,
          1,
          null,
          null,
          1,
          1,
          1,
          1,
          1,
          null,
          null
        ]
      },
      "/Users/michaelkoulouvaris/turing/1module/projects/black_thursday/lib/sales_engine.rb": {
        "lines": [
          1,
          null,
          1,
          1,
          4,
          4,
          null,
          null,
          1,
          4,
          null,
          null,
          null
        ]
      },
      "/Users/michaelkoulouvaris/turing/1module/projects/black_thursday/spec/sales_engine_spec.rb": {
        "lines": [
          1,
          1,
          1,
          null,
          1,
          null,
          1,
          1,
          null,
          null,
          null,
          1,
          null,
          null,
          1,
          1,
          null,
          null,
          null,
          null,
          1,
          null,
          null,
          1,
          1,
          null,
          null,
          null,
          null,
          1,
          null,
          null,
          1,
          1,
          null,
          null,
          null,
          null,
          1,
          1,
          null,
          1,
          1,
          null,
          null,
          null
        ]
      }
    },
    "timestamp": 1654212987
  }
}
